MY LOG: 2021-11-28 18:43:24.588 [main] INFO  com.solvd.hospital.runner.Runner - 1
MY LOG: 2021-11-28 18:43:24.590 [main] INFO  com.solvd.hospital.runner.Runner - 2
MY LOG: 2021-11-28 18:43:24.590 [main] INFO  com.solvd.hospital.runner.Runner - 3
MY LOG: 2021-11-28 18:43:24.590 [main] INFO  com.solvd.hospital.runner.Runner - 4
MY LOG: 2021-11-28 18:43:24.590 [main] INFO  com.solvd.hospital.runner.Runner - 5
MY LOG: 2021-11-28 18:43:24.591 [main] INFO  com.solvd.hospital.runner.Runner - 6
MY LOG: 2021-11-28 18:43:24.591 [main] INFO  com.solvd.hospital.runner.Runner - 7
MY LOG: 2021-11-28 18:43:24.591 [main] INFO  com.solvd.hospital.runner.Runner - 8
MY LOG: 2021-11-28 18:43:24.591 [main] INFO  com.solvd.hospital.runner.Runner - 9
MY LOG: 2021-11-28 18:43:24.591 [main] INFO  com.solvd.hospital.runner.Runner - 10
MY LOG: 2021-11-28 18:43:24.591 [main] INFO  com.solvd.hospital.runner.Runner - 11
MY LOG: 2021-11-28 18:43:24.591 [main] INFO  com.solvd.hospital.runner.Runner - 12
MY LOG: 2021-11-28 18:43:24.591 [main] INFO  com.solvd.hospital.runner.Runner - 13
MY LOG: 2021-11-28 18:43:24.591 [main] INFO  com.solvd.hospital.runner.Runner - 14
MY LOG: 2021-11-28 18:43:24.592 [main] INFO  com.solvd.hospital.runner.Runner - 15
MY LOG: 2021-11-28 18:43:24.592 [main] INFO  com.solvd.hospital.runner.Runner - 16
MY LOG: 2021-11-28 18:43:24.592 [main] INFO  com.solvd.hospital.runner.Runner - 17
MY LOG: 2021-11-28 18:43:24.592 [main] INFO  com.solvd.hospital.runner.Runner - 18
MY LOG: 2021-11-28 18:43:24.592 [main] INFO  com.solvd.hospital.runner.Runner - 19
MY LOG: 2021-11-28 18:43:24.592 [main] INFO  com.solvd.hospital.runner.Runner - 20
MY LOG: 2021-11-28 18:43:24.593 [main] INFO  com.solvd.hospital.runner.Runner - 21
MY LOG: 2021-11-28 18:43:24.593 [main] INFO  com.solvd.hospital.runner.Runner - 22
MY LOG: 2021-11-28 18:43:24.593 [main] INFO  com.solvd.hospital.runner.Runner - 23
MY LOG: 2021-11-28 18:43:24.593 [main] INFO  com.solvd.hospital.runner.Runner - 24
MY LOG: 2021-11-28 18:43:24.593 [main] INFO  com.solvd.hospital.runner.Runner - 25
MY LOG: 2021-11-28 18:43:24.601 [main] INFO  com.solvd.hospital.runner.Runner - Legolas and Gimli advanced on the orcs, raising their weapons with a harrowing war cry.

Jareth used a strategy similar to that used by the dragon's in "The Lord of the Rings," by which he called forth flame from the heavens.

The orcs then charged, swarming all around the heroes.

Eomer saw the approach of the orcs, and gave Gimli a sign.

This enraged the dwarf, who readied his axe and charged the enemy.

As Legolas and Gimli waded into the orcs, Eomer and Aragorn led the archers in an arrow - barrage, setting the orcs ablaze and making short work of their numbers.

After a few moments of fighting, the orcs fell.

As Eomer and Aragorn rejoiced over the victory, Théoden called forth his knights.

Many took aim at the fallen orcs, but their arrows went wide, passing through the orcs' bodies like nothing more than ghosts.

Théoden then told them to return to Middle - earth and told Gimli that he could begin to recover from his wounds.

Aragorn helped Gimli to his feet, and then sat down and placed a hand on Gimli's shoulder.

Together, they departed, the wounded dwarf now
MY LOG: 2021-12-03 15:43:42.444 [main] INFO  com.solvd.hospital.runner.Runner - 1
MY LOG: 2021-12-03 15:43:42.446 [main] INFO  com.solvd.hospital.runner.Runner - 2
MY LOG: 2021-12-03 15:43:42.446 [main] INFO  com.solvd.hospital.runner.Runner - 3
MY LOG: 2021-12-03 15:43:42.447 [main] INFO  com.solvd.hospital.runner.Runner - 4
MY LOG: 2021-12-03 15:43:42.447 [main] INFO  com.solvd.hospital.runner.Runner - 5
MY LOG: 2021-12-03 15:43:42.447 [main] INFO  com.solvd.hospital.runner.Runner - 6
MY LOG: 2021-12-03 15:43:42.447 [main] INFO  com.solvd.hospital.runner.Runner - 7
MY LOG: 2021-12-03 15:43:42.447 [main] INFO  com.solvd.hospital.runner.Runner - 8
MY LOG: 2021-12-03 15:43:42.447 [main] INFO  com.solvd.hospital.runner.Runner - 9
MY LOG: 2021-12-03 15:43:42.447 [main] INFO  com.solvd.hospital.runner.Runner - 10
MY LOG: 2021-12-03 15:43:42.447 [main] INFO  com.solvd.hospital.runner.Runner - 11
MY LOG: 2021-12-03 15:43:42.447 [main] INFO  com.solvd.hospital.runner.Runner - 12
MY LOG: 2021-12-03 15:43:42.447 [main] INFO  com.solvd.hospital.runner.Runner - 13
MY LOG: 2021-12-03 15:43:42.447 [main] INFO  com.solvd.hospital.runner.Runner - 14
MY LOG: 2021-12-03 15:43:42.447 [main] INFO  com.solvd.hospital.runner.Runner - 15
MY LOG: 2021-12-03 15:43:42.447 [main] INFO  com.solvd.hospital.runner.Runner - 16
MY LOG: 2021-12-03 15:43:42.447 [main] INFO  com.solvd.hospital.runner.Runner - 17
MY LOG: 2021-12-03 15:43:42.447 [main] INFO  com.solvd.hospital.runner.Runner - 18
MY LOG: 2021-12-03 15:43:42.447 [main] INFO  com.solvd.hospital.runner.Runner - 19
MY LOG: 2021-12-03 15:43:42.447 [main] INFO  com.solvd.hospital.runner.Runner - 20
MY LOG: 2021-12-03 15:43:42.447 [main] INFO  com.solvd.hospital.runner.Runner - 21
MY LOG: 2021-12-03 15:43:42.447 [main] INFO  com.solvd.hospital.runner.Runner - 22
MY LOG: 2021-12-03 15:43:42.447 [main] INFO  com.solvd.hospital.runner.Runner - 23
MY LOG: 2021-12-03 15:43:42.447 [main] INFO  com.solvd.hospital.runner.Runner - 24
MY LOG: 2021-12-03 15:43:42.448 [main] INFO  com.solvd.hospital.runner.Runner - 25
MY LOG: 2021-12-04 07:12:38.677 [main] INFO  com.solvd.hospital.runner.Runner - 1
MY LOG: 2021-12-04 07:12:38.679 [main] INFO  com.solvd.hospital.runner.Runner - 2
MY LOG: 2021-12-04 07:12:38.679 [main] INFO  com.solvd.hospital.runner.Runner - 3
MY LOG: 2021-12-04 07:12:38.679 [main] INFO  com.solvd.hospital.runner.Runner - 4
MY LOG: 2021-12-04 07:12:38.679 [main] INFO  com.solvd.hospital.runner.Runner - 5
MY LOG: 2021-12-04 07:12:38.680 [main] INFO  com.solvd.hospital.runner.Runner - 6
MY LOG: 2021-12-04 07:12:38.680 [main] INFO  com.solvd.hospital.runner.Runner - 7
MY LOG: 2021-12-04 07:12:38.680 [main] INFO  com.solvd.hospital.runner.Runner - 8
MY LOG: 2021-12-04 07:12:38.680 [main] INFO  com.solvd.hospital.runner.Runner - 9
MY LOG: 2021-12-04 07:12:38.680 [main] INFO  com.solvd.hospital.runner.Runner - 10
MY LOG: 2021-12-04 07:12:38.680 [main] INFO  com.solvd.hospital.runner.Runner - 11
MY LOG: 2021-12-04 07:12:38.680 [main] INFO  com.solvd.hospital.runner.Runner - 12
MY LOG: 2021-12-04 07:12:38.680 [main] INFO  com.solvd.hospital.runner.Runner - 13
MY LOG: 2021-12-04 07:12:38.680 [main] INFO  com.solvd.hospital.runner.Runner - 14
MY LOG: 2021-12-04 07:12:38.680 [main] INFO  com.solvd.hospital.runner.Runner - 15
MY LOG: 2021-12-04 07:12:38.680 [main] INFO  com.solvd.hospital.runner.Runner - 16
MY LOG: 2021-12-04 07:12:38.680 [main] INFO  com.solvd.hospital.runner.Runner - 17
MY LOG: 2021-12-04 07:12:38.680 [main] INFO  com.solvd.hospital.runner.Runner - 18
MY LOG: 2021-12-04 07:12:38.680 [main] INFO  com.solvd.hospital.runner.Runner - 19
MY LOG: 2021-12-04 07:12:38.681 [main] INFO  com.solvd.hospital.runner.Runner - 20
MY LOG: 2021-12-04 07:12:38.681 [main] INFO  com.solvd.hospital.runner.Runner - 21
MY LOG: 2021-12-04 07:12:38.681 [main] INFO  com.solvd.hospital.runner.Runner - 22
MY LOG: 2021-12-04 07:12:38.681 [main] INFO  com.solvd.hospital.runner.Runner - 23
MY LOG: 2021-12-04 07:12:38.681 [main] INFO  com.solvd.hospital.runner.Runner - 24
MY LOG: 2021-12-04 07:12:38.681 [main] INFO  com.solvd.hospital.runner.Runner - 25
MY LOG: 2021-12-04 15:40:14.155 [main] INFO  com.solvd.hospital.runner.Runner - 1
MY LOG: 2021-12-04 15:40:14.157 [main] INFO  com.solvd.hospital.runner.Runner - 2
MY LOG: 2021-12-04 15:40:14.158 [main] INFO  com.solvd.hospital.runner.Runner - 3
MY LOG: 2021-12-04 15:40:14.158 [main] INFO  com.solvd.hospital.runner.Runner - 4
MY LOG: 2021-12-04 15:40:14.158 [main] INFO  com.solvd.hospital.runner.Runner - 5
MY LOG: 2021-12-04 15:40:14.158 [main] INFO  com.solvd.hospital.runner.Runner - 6
MY LOG: 2021-12-04 15:40:14.158 [main] INFO  com.solvd.hospital.runner.Runner - 7
MY LOG: 2021-12-04 15:40:14.158 [main] INFO  com.solvd.hospital.runner.Runner - 8
MY LOG: 2021-12-04 15:40:14.158 [main] INFO  com.solvd.hospital.runner.Runner - 9
MY LOG: 2021-12-04 15:40:14.158 [main] INFO  com.solvd.hospital.runner.Runner - 10
MY LOG: 2021-12-04 15:40:14.158 [main] INFO  com.solvd.hospital.runner.Runner - 11
MY LOG: 2021-12-04 15:40:14.158 [main] INFO  com.solvd.hospital.runner.Runner - 12
MY LOG: 2021-12-04 15:40:14.158 [main] INFO  com.solvd.hospital.runner.Runner - 13
MY LOG: 2021-12-04 15:40:14.158 [main] INFO  com.solvd.hospital.runner.Runner - 14
MY LOG: 2021-12-04 15:40:14.159 [main] INFO  com.solvd.hospital.runner.Runner - 15
MY LOG: 2021-12-04 15:40:14.159 [main] INFO  com.solvd.hospital.runner.Runner - 16
MY LOG: 2021-12-04 15:40:14.159 [main] INFO  com.solvd.hospital.runner.Runner - 17
MY LOG: 2021-12-04 15:40:14.159 [main] INFO  com.solvd.hospital.runner.Runner - 18
MY LOG: 2021-12-04 15:40:14.159 [main] INFO  com.solvd.hospital.runner.Runner - 19
MY LOG: 2021-12-04 15:40:14.159 [main] INFO  com.solvd.hospital.runner.Runner - 20
MY LOG: 2021-12-04 15:40:14.159 [main] INFO  com.solvd.hospital.runner.Runner - 21
MY LOG: 2021-12-04 15:40:14.159 [main] INFO  com.solvd.hospital.runner.Runner - 22
MY LOG: 2021-12-04 15:40:14.159 [main] INFO  com.solvd.hospital.runner.Runner - 23
MY LOG: 2021-12-04 15:40:14.160 [main] INFO  com.solvd.hospital.runner.Runner - 24
MY LOG: 2021-12-04 15:40:14.160 [main] INFO  com.solvd.hospital.runner.Runner - 25
MY LOG: 2021-12-04 15:49:34.045 [main] INFO  com.solvd.hospital.runner.Runner - 1
MY LOG: 2021-12-04 15:49:34.047 [main] INFO  com.solvd.hospital.runner.Runner - 2
MY LOG: 2021-12-04 15:49:34.048 [main] INFO  com.solvd.hospital.runner.Runner - 3
MY LOG: 2021-12-04 15:49:34.048 [main] INFO  com.solvd.hospital.runner.Runner - 4
MY LOG: 2021-12-04 15:49:34.048 [main] INFO  com.solvd.hospital.runner.Runner - 5
MY LOG: 2021-12-04 15:49:34.048 [main] INFO  com.solvd.hospital.runner.Runner - 6
MY LOG: 2021-12-04 15:49:34.048 [main] INFO  com.solvd.hospital.runner.Runner - 7
MY LOG: 2021-12-04 15:49:34.048 [main] INFO  com.solvd.hospital.runner.Runner - 8
MY LOG: 2021-12-04 15:49:34.048 [main] INFO  com.solvd.hospital.runner.Runner - 9
MY LOG: 2021-12-04 15:49:34.048 [main] INFO  com.solvd.hospital.runner.Runner - 10
MY LOG: 2021-12-04 15:49:34.048 [main] INFO  com.solvd.hospital.runner.Runner - 11
MY LOG: 2021-12-04 15:49:34.048 [main] INFO  com.solvd.hospital.runner.Runner - 12
MY LOG: 2021-12-04 15:49:34.048 [main] INFO  com.solvd.hospital.runner.Runner - 13
MY LOG: 2021-12-04 15:49:34.049 [main] INFO  com.solvd.hospital.runner.Runner - 14
MY LOG: 2021-12-04 15:49:34.049 [main] INFO  com.solvd.hospital.runner.Runner - 15
MY LOG: 2021-12-04 15:49:34.049 [main] INFO  com.solvd.hospital.runner.Runner - 16
MY LOG: 2021-12-04 15:49:34.049 [main] INFO  com.solvd.hospital.runner.Runner - 17
MY LOG: 2021-12-04 15:49:34.049 [main] INFO  com.solvd.hospital.runner.Runner - 18
MY LOG: 2021-12-04 15:49:34.049 [main] INFO  com.solvd.hospital.runner.Runner - 19
MY LOG: 2021-12-04 15:49:34.049 [main] INFO  com.solvd.hospital.runner.Runner - 20
MY LOG: 2021-12-04 15:49:34.049 [main] INFO  com.solvd.hospital.runner.Runner - 21
MY LOG: 2021-12-04 15:49:34.049 [main] INFO  com.solvd.hospital.runner.Runner - 22
MY LOG: 2021-12-04 15:49:34.050 [main] INFO  com.solvd.hospital.runner.Runner - 23
MY LOG: 2021-12-04 15:49:34.050 [main] INFO  com.solvd.hospital.runner.Runner - 24
MY LOG: 2021-12-04 15:49:34.050 [main] INFO  com.solvd.hospital.runner.Runner - 25
